Fetching tweets...
Number of fetched tweets: 500
Number of fetched tweets: 1000
Number of fetched tweets: 1500
Number of fetched tweets: 2000
Number of fetched tweets: 2500
Number of fetched tweets: 3000
Number of fetched tweets: 3500
Number of fetched tweets: 4000
Number of fetched tweets: 4500
Number of fetched tweets: 5000
Number of fetched tweets: 5500
Number of fetched tweets: 6000
Number of fetched tweets: 6500
Number of fetched tweets: 7000
Number of fetched tweets: 7500
Number of fetched tweets: 8000
Number of fetched tweets: 8500
Number of fetched tweets: 9000
Number of fetched tweets: 9500
Number of fetched tweets: 10000
Number of fetched tweets: 10500
Number of fetched tweets: 11000
Number of fetched tweets: 11500
Number of fetched tweets: 12000
Number of fetched tweets: 12500
Number of fetched tweets: 13000
Number of fetched tweets: 13500
Number of fetched tweets: 14000
Number of fetched tweets: 14500
Number of fetched tweets: 15000
Number of fetched tweets: 15500
Number of fetched tweets: 16000
Number of fetched tweets: 16500
Number of fetched tweets: 17000
Number of fetched tweets: 17500
Number of fetched tweets: 18000
Number of fetched tweets: 18500
Number of fetched tweets: 19000
Number of fetched tweets: 19500
Number of fetched tweets: 20000
Number of fetched tweets: 20500
Number of fetched tweets: 21000
Number of fetched tweets: 21500
Number of fetched tweets: 22000
Number of fetched tweets: 22500
Number of fetched tweets: 23000
Number of fetched tweets: 23500
Number of fetched tweets: 24000
Number of fetched tweets: 24500
Number of fetched tweets: 25000
Number of fetched tweets: 25500
Number of fetched tweets: 26000
Number of fetched tweets: 26500
Number of fetched tweets: 27000
Number of fetched tweets: 27500
Number of fetched tweets: 28000
Number of fetched tweets: 28500
Number of fetched tweets: 29000
Number of fetched tweets: 29500
Number of fetched tweets: 30000
Number of fetched tweets: 30500
Number of fetched tweets: 31000
Number of fetched tweets: 31500
Number of fetched tweets: 32000
Number of fetched tweets: 32500
Number of fetched tweets: 33000
Number of fetched tweets: 33500
Number of fetched tweets: 34000
Number of fetched tweets: 34500
Number of fetched tweets: 35000
Number of fetched tweets: 35500
Number of fetched tweets: 36000
Number of fetched tweets: 36500
Number of fetched tweets: 37000
Number of fetched tweets: 37500
Number of fetched tweets: 38000
Number of fetched tweets: 38500
Number of fetched tweets: 39000
Number of fetched tweets: 39500
Number of fetched tweets: 40000
Number of fetched tweets: 40500
Number of fetched tweets: 41000
Number of fetched tweets: 41500
Number of fetched tweets: 42000
Number of fetched tweets: 42500
Number of fetched tweets: 43000
Number of fetched tweets: 43500
Number of fetched tweets: 44000
Number of fetched tweets: 44500
Number of fetched tweets: 45000
Number of fetched tweets: 45500
Number of fetched tweets: 46000
Number of fetched tweets: 46500
Number of fetched tweets: 47000
Number of fetched tweets: 47500
Number of fetched tweets: 48000
Number of fetched tweets: 48500
Number of fetched tweets: 49000
Number of fetched tweets: 49500
Number of fetched tweets: 50000
Number of fetched tweets: 50500
Number of fetched tweets: 51000
Number of fetched tweets: 51500
Number of fetched tweets: 52000
Number of fetched tweets: 52500
Number of fetched tweets: 53000
Number of fetched tweets: 53500
Number of fetched tweets: 54000
Number of fetched tweets: 54500
Number of fetched tweets: 55000
Number of fetched tweets: 55500
Number of fetched tweets: 56000
Number of fetched tweets: 56500
Number of fetched tweets: 57000
Number of fetched tweets: 57500
Number of fetched tweets: 58000
Number of fetched tweets: 58500
Number of fetched tweets: 59000
Number of fetched tweets: 59500
Number of fetched tweets: 60000
Number of fetched tweets: 60500
Number of fetched tweets: 61000
Number of fetched tweets: 61500
Number of fetched tweets: 62000
Number of fetched tweets: 62500
Number of fetched tweets: 63000
Number of fetched tweets: 63500
Number of fetched tweets: 64000
Number of fetched tweets: 64500
Number of fetched tweets: 65000
Number of fetched tweets: 65500
Number of fetched tweets: 66000
Number of fetched tweets: 66500
Number of fetched tweets: 67000
Number of fetched tweets: 67500
Number of fetched tweets: 68000
Number of fetched tweets: 68500
Number of fetched tweets: 69000
Number of fetched tweets: 69500
Number of fetched tweets: 70000
Number of fetched tweets: 70500
Number of fetched tweets: 71000
Number of fetched tweets: 71500
Number of fetched tweets: 72000
Number of fetched tweets: 72500
Number of fetched tweets: 73000
Number of fetched tweets: 73500
Number of fetched tweets: 74000
Number of fetched tweets: 74500
Number of fetched tweets: 75000
Number of fetched tweets: 75500
Number of fetched tweets: 76000
Number of fetched tweets: 76500
Number of fetched tweets: 77000
Number of fetched tweets: 77500
Number of fetched tweets: 78000
Number of fetched tweets: 78500
Number of fetched tweets: 79000
Number of fetched tweets: 79500
Number of fetched tweets: 80000
Number of fetched tweets: 80500
Number of fetched tweets: 81000
Number of fetched tweets: 81500
Number of fetched tweets: 82000
Number of fetched tweets: 82500
Number of fetched tweets: 83000
Number of fetched tweets: 83500
Number of fetched tweets: 84000
Number of fetched tweets: 84500
Number of fetched tweets: 85000
Number of fetched tweets: 85500
Number of fetched tweets: 86000
Number of fetched tweets: 86500
Number of fetched tweets: 87000
Number of fetched tweets: 87500
Number of fetched tweets: 88000
Number of fetched tweets: 88500
Number of fetched tweets: 89000
Number of fetched tweets: 89500
Number of fetched tweets: 90000
Number of fetched tweets: 90500
Number of fetched tweets: 91000
Number of fetched tweets: 91500
Number of fetched tweets: 92000
Number of fetched tweets: 92500
Number of fetched tweets: 93000
Number of fetched tweets: 93500
Number of fetched tweets: 94000
Number of fetched tweets: 94500
Number of fetched tweets: 95000
Number of fetched tweets: 95500
Number of fetched tweets: 96000
Number of fetched tweets: 96500
Number of fetched tweets: 97000
Number of fetched tweets: 97500
Number of fetched tweets: 98000
Number of fetched tweets: 98500
Number of fetched tweets: 99000
Number of fetched tweets: 99500
Number of fetched tweets: 100000
Number of fetched tweets: 100500
Number of fetched tweets: 101000
Number of fetched tweets: 101500
Number of fetched tweets: 102000
Number of fetched tweets: 102500
Number of fetched tweets: 103000
Number of fetched tweets: 103500
Number of fetched tweets: 104000
Number of fetched tweets: 104500
Number of fetched tweets: 105000
Number of fetched tweets: 105500
Number of fetched tweets: 106000
Number of fetched tweets: 106500
Number of fetched tweets: 107000
Number of fetched tweets: 107500
Number of fetched tweets: 108000
Number of fetched tweets: 108500
Number of fetched tweets: 109000
Number of fetched tweets: 109500
Number of fetched tweets: 110000
Number of fetched tweets: 110500
Number of fetched tweets: 111000
Number of fetched tweets: 111500
Number of fetched tweets: 112000
Number of fetched tweets: 112500
Number of fetched tweets: 113000
Number of fetched tweets: 113500
Number of fetched tweets: 114000
Number of fetched tweets: 114500
Number of fetched tweets: 115000
Number of fetched tweets: 115500
Number of fetched tweets: 116000
Number of fetched tweets: 116500
Number of fetched tweets: 117000
Number of fetched tweets: 117500
Number of fetched tweets: 118000
Number of fetched tweets: 118500
Number of fetched tweets: 119000
Number of fetched tweets: 119500
Number of fetched tweets: 120000
Number of fetched tweets: 120500
Number of fetched tweets: 121000
Number of fetched tweets: 121500
Number of fetched tweets: 122000
Number of fetched tweets: 122500
Number of fetched tweets: 123000
Number of fetched tweets: 123500
Number of fetched tweets: 124000
Number of fetched tweets: 124500
Number of fetched tweets: 125000
Number of fetched tweets: 125500
Number of fetched tweets: 126000
Number of fetched tweets: 126500
Number of fetched tweets: 127000
Number of fetched tweets: 127500
Number of fetched tweets: 128000
Number of fetched tweets: 128500
Number of fetched tweets: 129000
Number of fetched tweets: 129500
Number of fetched tweets: 130000
Number of fetched tweets: 130500
Number of fetched tweets: 131000
Number of fetched tweets: 131500
Number of fetched tweets: 132000
Number of fetched tweets: 132500
Number of fetched tweets: 133000
Number of fetched tweets: 133500
Number of fetched tweets: 134000
Number of fetched tweets: 134500
Number of fetched tweets: 135000
Number of fetched tweets: 135500
Number of fetched tweets: 136000
Number of fetched tweets: 136500
Number of fetched tweets: 137000
Number of fetched tweets: 137500
Number of fetched tweets: 138000
Number of fetched tweets: 138500
Number of fetched tweets: 139000
Number of fetched tweets: 139500
Number of fetched tweets: 140000
Number of fetched tweets: 140500
Number of fetched tweets: 141000
Number of fetched tweets: 141500
Number of fetched tweets: 142000
Number of fetched tweets: 142500
Number of fetched tweets: 143000
Number of fetched tweets: 143500
Number of fetched tweets: 144000
Number of fetched tweets: 144500
Number of fetched tweets: 145000
Number of fetched tweets: 145500
Number of fetched tweets: 146000
Number of fetched tweets: 146500
Number of fetched tweets: 147000
Number of fetched tweets: 147500
Number of fetched tweets: 148000
Number of fetched tweets: 148500
Number of fetched tweets: 149000
Number of fetched tweets: 149500
Number of fetched tweets: 150000
Number of fetched tweets: 150500
Number of fetched tweets: 151000
Number of fetched tweets: 151500
Number of fetched tweets: 152000
Number of fetched tweets: 152500
Number of fetched tweets: 153000
Number of fetched tweets: 153500
Number of fetched tweets: 154000
Number of fetched tweets: 154500
Number of fetched tweets: 155000
Traceback (most recent call last):
  File "fetch_apple_tweets.py", line 38, in <module>
    next_token = response["meta"]["next_token"]
KeyError: 'meta'
